<?xml version="1.0" encoding="UTF-8"?>
<testsuite xmlns:xsi="http://www.w3.org/2001/XMLSchema-instance" xsi:noNamespaceSchemaLocation="https://maven.apache.org/surefire/maven-surefire-plugin/xsd/surefire-test-report-3.0.xsd" version="3.0" name="com.tb.inpost.InpostApplicationTests" time="4.821" tests="1" errors="0" skipped="0" failures="0">
  <properties>
[...]
</properties>
  <testcase name="contextLoads" classname="com.tb.inpost.InpostApplicationTests" time="0.014">
    <system-out><![CDATA[10:42:15.877 [main] INFO org.springframework.test.context.support.AnnotationConfigContextLoaderUtils -- Could not detect default configuration classes for test class [com.tb.inpost.InpostApplicationTests]: InpostApplicationTests does not declare any static, non-private, non-final, nested classes annotated with @Configuration.
10:42:16.022 [main] INFO org.springframework.boot.test.context.SpringBootTestContextBootstrapper -- Found @SpringBootConfiguration com.tb.inpost.InpostApplication for test class com.tb.inpost.InpostApplicationTests

  .   ____          _            __ _ _
 /\\ / ___'_ __ _ _(_)_ __  __ _ \ \ \ \
( ( )\___ | '_ | '_| | '_ \/ _` | \ \ \ \
 \\/  ___)| |_)| | | | | || (_| |  ) ) ) )
  '  |____| .__|_| |_|_| |_\__, | / / / /
 =========|_|==============|___/=/_/_/_/
 :: Spring Boot ::                (v3.1.0)

2023-06-19T10:42:16.470+01:00  INFO 75450 --- [           main] com.tb.inpost.InpostApplicationTests     : Starting InpostApplicationTests using Java 17.0.7 with PID 75450 (started by thiagobaldes in /Users/thiagobaldes/Documents/GitHub/inpost)
2023-06-19T10:42:16.472+01:00  INFO 75450 --- [           main] com.tb.inpost.InpostApplicationTests     : No active profile set, falling back to 1 default profile: "default"
2023-06-19T10:42:17.284+01:00  INFO 75450 --- [           main] .s.d.r.c.RepositoryConfigurationDelegate : Bootstrapping Spring Data JPA repositories in DEFAULT mode.
2023-06-19T10:42:17.358+01:00  INFO 75450 --- [           main] .s.d.r.c.RepositoryConfigurationDelegate : Finished Spring Data repository scanning in 64 ms. Found 1 JPA repository interfaces.
2023-06-19T10:42:17.938+01:00  INFO 75450 --- [           main] com.zaxxer.hikari.HikariDataSource       : products - Starting...
2023-06-19T10:42:18.170+01:00  INFO 75450 --- [           main] com.zaxxer.hikari.pool.HikariPool        : products - Added connection conn0: url=jdbc:h2:mem:products user=SA
2023-06-19T10:42:18.172+01:00  INFO 75450 --- [           main] com.zaxxer.hikari.HikariDataSource       : products - Start completed.
2023-06-19T10:42:18.226+01:00  INFO 75450 --- [           main] o.hibernate.jpa.internal.util.LogHelper  : HHH000204: Processing PersistenceUnitInfo [name: default]
2023-06-19T10:42:18.290+01:00  INFO 75450 --- [           main] org.hibernate.Version                    : HHH000412: Hibernate ORM core version 6.2.2.Final
2023-06-19T10:42:18.293+01:00  INFO 75450 --- [           main] org.hibernate.cfg.Environment            : HHH000406: Using bytecode reflection optimizer
2023-06-19T10:42:18.433+01:00  INFO 75450 --- [           main] o.h.b.i.BytecodeProviderInitiator        : HHH000021: Bytecode provider name : bytebuddy
2023-06-19T10:42:18.444+01:00  INFO 75450 --- [           main] o.s.o.j.p.SpringPersistenceUnitInfo      : No LoadTimeWeaver setup: ignoring JPA class transformer
2023-06-19T10:42:18.518+01:00  INFO 75450 --- [           main] org.hibernate.orm.dialect                : HHH035001: Using dialect: org.hibernate.dialect.H2Dialect, version: 2.1.214
2023-06-19T10:42:18.752+01:00  INFO 75450 --- [           main] o.h.b.i.BytecodeProviderInitiator        : HHH000021: Bytecode provider name : bytebuddy
2023-06-19T10:42:19.249+01:00  INFO 75450 --- [           main] o.h.e.t.j.p.i.JtaPlatformInitiator       : HHH000490: Using JtaPlatform implementation: [org.hibernate.engine.transaction.jta.platform.internal.NoJtaPlatform]
2023-06-19T10:42:19.275+01:00  INFO 75450 --- [           main] o.h.t.s.i.e.GenerationTargetToDatabase   : HHH000476: Executing script 'file:/Users/thiagobaldes/Documents/GitHub/inpost/target/classes/import.sql'
2023-06-19T10:42:19.278+01:00  INFO 75450 --- [           main] j.LocalContainerEntityManagerFactoryBean : Initialized JPA EntityManagerFactory for persistence unit 'default'
2023-06-19T10:42:19.757+01:00  WARN 75450 --- [           main] JpaBaseConfiguration$JpaWebConfiguration : spring.jpa.open-in-view is enabled by default. Therefore, database queries may be performed during view rendering. Explicitly configure spring.jpa.open-in-view to disable this warning
2023-06-19T10:42:20.146+01:00  INFO 75450 --- [           main] o.s.b.a.h2.H2ConsoleAutoConfiguration    : H2 console available at '/h2-console'. Database available at 'jdbc:h2:mem:products'
2023-06-19T10:42:20.199+01:00  INFO 75450 --- [           main] com.tb.inpost.InpostApplicationTests     : Started InpostApplicationTests in 4.041 seconds (process running for 6.38)
Product(id=82e2b6c8-41a1-440b-b91e-0a82f91ec87c, title=Product 1, price=100.0)
Product(id=dfb95365-73a6-442f-90f8-3a6b0c3ca081, title=Product 2, price=200.0)
Product(id=42e40c30-e105-485a-84b1-0478c3ae05d3, title=Product 3, price=300.0)
]]></system-out>
  </testcase>
</testsuite>